app/build/intermediates/manifest_merge_blame_file/release/manifest-merger-blame-release-report.txt
1<?xml version="1.0" encoding="utf-8"?>
2<manifest xmlns:android="http://schemas.android.com/apk/res/android"
3    package="com.example.booksy"
4    android:versionCode="1"
5    android:versionName="1.0" >
6
7    <uses-sdk
8        android:minSdkVersion="24"
9        android:targetSdkVersion="34" />
10
11    <!-- Permisos de Internet -->
12    <uses-permission android:name="android.permission.INTERNET" />
12-->src\main\AndroidManifest.xml:6:5-67
12-->src\main\AndroidManifest.xml:6:22-64
13    <uses-permission android:name="android.permission.ACCESS_NETWORK_STATE" />
13-->src\main\AndroidManifest.xml:7:5-79
13-->src\main\AndroidManifest.xml:7:22-76
14
15    <!-- Permisos de Cámara y Almacenamiento -->
16    <uses-permission android:name="android.permission.CAMERA" />
16-->src\main\AndroidManifest.xml:10:5-65
16-->src\main\AndroidManifest.xml:10:22-62
17    <uses-permission
17-->src\main\AndroidManifest.xml:11:5-12:38
18        android:name="android.permission.READ_EXTERNAL_STORAGE"
18-->src\main\AndroidManifest.xml:11:22-77
19        android:maxSdkVersion="32" />
19-->src\main\AndroidManifest.xml:12:9-35
20    <uses-permission
20-->src\main\AndroidManifest.xml:13:5-14:38
21        android:name="android.permission.WRITE_EXTERNAL_STORAGE"
21-->src\main\AndroidManifest.xml:13:22-78
22        android:maxSdkVersion="28" />
22-->src\main\AndroidManifest.xml:14:9-35
23
24    <!-- Permiso para notificaciones (Android 13+) -->
25    <uses-permission android:name="android.permission.POST_NOTIFICATIONS" />
25-->src\main\AndroidManifest.xml:17:5-77
25-->src\main\AndroidManifest.xml:17:22-74
26
27    <!-- Características de hardware -->
28    <uses-feature
28-->src\main\AndroidManifest.xml:20:5-85
29        android:name="android.hardware.camera"
29-->src\main\AndroidManifest.xml:20:19-57
30        android:required="false" />
30-->src\main\AndroidManifest.xml:20:58-82
31    <uses-feature
31-->src\main\AndroidManifest.xml:21:5-95
32        android:name="android.hardware.camera.autofocus"
32-->src\main\AndroidManifest.xml:21:19-67
33        android:required="false" />
33-->src\main\AndroidManifest.xml:21:68-92
34
35    <permission
35-->[androidx.core:core:1.12.0] AndroidManifest.xml:22:5-24:47
36        android:name="com.example.booksy.DYNAMIC_RECEIVER_NOT_EXPORTED_PERMISSION"
36-->[androidx.core:core:1.12.0] AndroidManifest.xml:23:9-81
37        android:protectionLevel="signature" />
37-->[androidx.core:core:1.12.0] AndroidManifest.xml:24:9-44
38
39    <uses-permission android:name="com.example.booksy.DYNAMIC_RECEIVER_NOT_EXPORTED_PERMISSION" />
39-->[androidx.core:core:1.12.0] AndroidManifest.xml:26:5-97
39-->[androidx.core:core:1.12.0] AndroidManifest.xml:26:22-94
40
41    <application
41-->src\main\AndroidManifest.xml:23:5-57:19
42        android:name="com.example.booksy.BooksyApplication"
42-->src\main\AndroidManifest.xml:24:9-42
43        android:allowBackup="true"
43-->src\main\AndroidManifest.xml:25:9-35
44        android:appComponentFactory="androidx.core.app.CoreComponentFactory"
44-->[androidx.core:core:1.12.0] AndroidManifest.xml:28:18-86
45        android:dataExtractionRules="@xml/data_extraction_rules"
45-->src\main\AndroidManifest.xml:26:9-65
46        android:extractNativeLibs="false"
47        android:fullBackupContent="@xml/backup_rules"
47-->src\main\AndroidManifest.xml:27:9-54
48        android:icon="@mipmap/ic_launcher"
48-->src\main\AndroidManifest.xml:28:9-43
49        android:label="@string/app_name"
49-->src\main\AndroidManifest.xml:29:9-41
50        android:roundIcon="@mipmap/ic_launcher_round"
50-->src\main\AndroidManifest.xml:30:9-54
51        android:supportsRtl="true"
51-->src\main\AndroidManifest.xml:31:9-35
52        android:theme="@style/Theme.Booksy"
52-->src\main\AndroidManifest.xml:32:9-44
53        android:usesCleartextTraffic="true" >
53-->src\main\AndroidManifest.xml:33:9-44
54        <activity
54-->src\main\AndroidManifest.xml:36:9-44:20
55            android:name="com.example.booksy.MainActivity"
55-->src\main\AndroidManifest.xml:37:13-41
56            android:exported="true"
56-->src\main\AndroidManifest.xml:38:13-36
57            android:theme="@style/Theme.Booksy" >
57-->src\main\AndroidManifest.xml:39:13-48
58            <intent-filter>
58-->src\main\AndroidManifest.xml:40:13-43:29
59                <action android:name="android.intent.action.MAIN" />
59-->src\main\AndroidManifest.xml:41:17-69
59-->src\main\AndroidManifest.xml:41:25-66
60
61                <category android:name="android.intent.category.LAUNCHER" />
61-->src\main\AndroidManifest.xml:42:17-77
61-->src\main\AndroidManifest.xml:42:27-74
62            </intent-filter>
63        </activity>
64
65        <!-- Proveedor de archivos para compartir imágenes -->
66        <provider
67            android:name="androidx.core.content.FileProvider"
67-->src\main\AndroidManifest.xml:48:13-62
68            android:authorities="com.example.booksy.fileprovider"
68-->src\main\AndroidManifest.xml:49:13-64
69            android:exported="false"
69-->src\main\AndroidManifest.xml:50:13-37
70            android:grantUriPermissions="true" >
70-->src\main\AndroidManifest.xml:51:13-47
71            <meta-data
71-->src\main\AndroidManifest.xml:52:13-54:54
72                android:name="android.support.FILE_PROVIDER_PATHS"
72-->src\main\AndroidManifest.xml:53:17-67
73                android:resource="@xml/file_paths" />
73-->src\main\AndroidManifest.xml:54:17-51
74        </provider>
75        <provider
75-->[androidx.emoji2:emoji2:1.3.0] AndroidManifest.xml:24:9-32:20
76            android:name="androidx.startup.InitializationProvider"
76-->[androidx.emoji2:emoji2:1.3.0] AndroidManifest.xml:25:13-67
77            android:authorities="com.example.booksy.androidx-startup"
77-->[androidx.emoji2:emoji2:1.3.0] AndroidManifest.xml:26:13-68
78            android:exported="false" >
78-->[androidx.emoji2:emoji2:1.3.0] AndroidManifest.xml:27:13-37
79            <meta-data
79-->[androidx.emoji2:emoji2:1.3.0] AndroidManifest.xml:29:13-31:52
80                android:name="androidx.emoji2.text.EmojiCompatInitializer"
80-->[androidx.emoji2:emoji2:1.3.0] AndroidManifest.xml:30:17-75
81                android:value="androidx.startup" />
81-->[androidx.emoji2:emoji2:1.3.0] AndroidManifest.xml:31:17-49
82            <meta-data
82-->[androidx.lifecycle:lifecycle-process:2.7.0] AndroidManifest.xml:29:13-31:52
83                android:name="androidx.lifecycle.ProcessLifecycleInitializer"
83-->[androidx.lifecycle:lifecycle-process:2.7.0] AndroidManifest.xml:30:17-78
84                android:value="androidx.startup" />
84-->[androidx.lifecycle:lifecycle-process:2.7.0] AndroidManifest.xml:31:17-49
85            <meta-data
85-->[androidx.profileinstaller:profileinstaller:1.3.1] AndroidManifest.xml:29:13-31:52
86                android:name="androidx.profileinstaller.ProfileInstallerInitializer"
86-->[androidx.profileinstaller:profileinstaller:1.3.1] AndroidManifest.xml:30:17-85
87                android:value="androidx.startup" />
87-->[androidx.profileinstaller:profileinstaller:1.3.1] AndroidManifest.xml:31:17-49
88        </provider>
89
90        <service
90-->[androidx.room:room-runtime:2.6.1] AndroidManifest.xml:24:9-28:63
91            android:name="androidx.room.MultiInstanceInvalidationService"
91-->[androidx.room:room-runtime:2.6.1] AndroidManifest.xml:25:13-74
92            android:directBootAware="true"
92-->[androidx.room:room-runtime:2.6.1] AndroidManifest.xml:26:13-43
93            android:exported="false" />
93-->[androidx.room:room-runtime:2.6.1] AndroidManifest.xml:27:13-37
94
95        <receiver
95-->[androidx.profileinstaller:profileinstaller:1.3.1] AndroidManifest.xml:34:9-52:20
96            android:name="androidx.profileinstaller.ProfileInstallReceiver"
96-->[androidx.profileinstaller:profileinstaller:1.3.1] AndroidManifest.xml:35:13-76
97            android:directBootAware="false"
97-->[androidx.profileinstaller:profileinstaller:1.3.1] AndroidManifest.xml:36:13-44
98            android:enabled="true"
98-->[androidx.profileinstaller:profileinstaller:1.3.1] AndroidManifest.xml:37:13-35
99            android:exported="true"
99-->[androidx.profileinstaller:profileinstaller:1.3.1] AndroidManifest.xml:38:13-36
100            android:permission="android.permission.DUMP" >
100-->[androidx.profileinstaller:profileinstaller:1.3.1] AndroidManifest.xml:39:13-57
101            <intent-filter>
101-->[androidx.profileinstaller:profileinstaller:1.3.1] AndroidManifest.xml:40:13-42:29
102                <action android:name="androidx.profileinstaller.action.INSTALL_PROFILE" />
102-->[androidx.profileinstaller:profileinstaller:1.3.1] AndroidManifest.xml:41:17-91
102-->[androidx.profileinstaller:profileinstaller:1.3.1] AndroidManifest.xml:41:25-88
103            </intent-filter>
104            <intent-filter>
104-->[androidx.profileinstaller:profileinstaller:1.3.1] AndroidManifest.xml:43:13-45:29
105                <action android:name="androidx.profileinstaller.action.SKIP_FILE" />
105-->[androidx.profileinstaller:profileinstaller:1.3.1] AndroidManifest.xml:44:17-85
105-->[androidx.profileinstaller:profileinstaller:1.3.1] AndroidManifest.xml:44:25-82
106            </intent-filter>
107            <intent-filter>
107-->[androidx.profileinstaller:profileinstaller:1.3.1] AndroidManifest.xml:46:13-48:29
108                <action android:name="androidx.profileinstaller.action.SAVE_PROFILE" />
108-->[androidx.profileinstaller:profileinstaller:1.3.1] AndroidManifest.xml:47:17-88
108-->[androidx.profileinstaller:profileinstaller:1.3.1] AndroidManifest.xml:47:25-85
109            </intent-filter>
110            <intent-filter>
110-->[androidx.profileinstaller:profileinstaller:1.3.1] AndroidManifest.xml:49:13-51:29
111                <action android:name="androidx.profileinstaller.action.BENCHMARK_OPERATION" />
111-->[androidx.profileinstaller:profileinstaller:1.3.1] AndroidManifest.xml:50:17-95
111-->[androidx.profileinstaller:profileinstaller:1.3.1] AndroidManifest.xml:50:25-92
112            </intent-filter>
113        </receiver>
114    </application>
115
116</manifest>